{
  "RSpec": {
    "coverage": {
      "/home/vander/projeto_Rails-/app/models/user.rb": [
        1,
        null,
        null,
        1,
        null,
        null,
        1,
        1,
        null,
        1,
        1,
        null,
        null,
        1,
        null,
        null,
        null,
        null,
        null,
        1,
        null,
        null,
        null,
        1,
        0,
        null,
        null,
        1,
        null,
        1,
        5,
        null,
        null,
        null,
        null,
        null,
        1,
        null,
        0,
        null,
        null,
        null
      ],
      "/home/vander/projeto_Rails-/app/models/admin_statistic.rb": [
        null,
        1,
        null,
        1,
        null,
        null,
        null,
        null,
        1,
        0,
        null,
        null,
        1,
        0,
        null,
        1,
        0,
        null,
        null,
        null,
        null,
        1,
        5,
        5,
        5,
        null,
        null,
        null
      ],
      "/home/vander/projeto_Rails-/app/models/user_profile.rb": [
        1,
        1,
        1,
        1,
        null
      ],
      "/home/vander/projeto_Rails-/app/mailers/admin_mailer.rb": [
        0,
        0,
        0,
        0,
        0,
        0,
        0
      ],
      "/home/vander/projeto_Rails-/app/mailers/application_mailer.rb": [
        0,
        0,
        0,
        0
      ],
      "/home/vander/projeto_Rails-/app/helpers/application_helper.rb": [
        0,
        0
      ],
      "/home/vander/projeto_Rails-/app/helpers/admins_backoffice_helper.rb": [
        0,
        0,
        0,
        0,
        0
      ],
      "/home/vander/projeto_Rails-/app/helpers/site/welcome_helper.rb": [
        0,
        0
      ],
      "/home/vander/projeto_Rails-/app/helpers/site/answer_helper.rb": [
        0,
        0
      ],
      "/home/vander/projeto_Rails-/app/helpers/site/search_helper.rb": [
        0,
        0
      ],
      "/home/vander/projeto_Rails-/app/helpers/users_backoffice/welcome_helper.rb": [
        0,
        0
      ],
      "/home/vander/projeto_Rails-/app/helpers/users_backoffice/zip_code_helper.rb": [
        0,
        0
      ],
      "/home/vander/projeto_Rails-/app/helpers/users_backoffice/profile_helper.rb": [
        0,
        0,
        0,
        0,
        0
      ],
      "/home/vander/projeto_Rails-/app/helpers/users_backoffice_helper.rb": [
        0,
        0,
        0,
        0,
        0,
        null,
        null,
        0
      ],
      "/home/vander/projeto_Rails-/app/helpers/admins_backoffice/subjects_helper.rb": [
        0,
        0
      ],
      "/home/vander/projeto_Rails-/app/helpers/admins_backoffice/welcome_helper.rb": [
        0,
        0
      ],
      "/home/vander/projeto_Rails-/app/helpers/admins_backoffice/subject_helper.rb": [
        0,
        0
      ],
      "/home/vander/projeto_Rails-/app/helpers/admins_backoffice/questions_helper.rb": [
        0,
        0
      ],
      "/home/vander/projeto_Rails-/app/helpers/admins_backoffice/admins_helper.rb": [
        0,
        0
      ],
      "/home/vander/projeto_Rails-/app/helpers/site_helper.rb": [
        0,
        0,
        0,
        0,
        0,
        0,
        0,
        null,
        0,
        0,
        0,
        0,
        0
      ],
      "/home/vander/projeto_Rails-/app/channels/application_cable/channel.rb": [
        0,
        0,
        0,
        0
      ],
      "/home/vander/projeto_Rails-/app/channels/application_cable/connection.rb": [
        0,
        0,
        0,
        0
      ],
      "/home/vander/projeto_Rails-/app/jobs/application_job.rb": [
        0,
        0
      ],
      "/home/vander/projeto_Rails-/app/models/subject.rb": [
        0,
        0,
        0
      ],
      "/home/vander/projeto_Rails-/app/models/cep.rb": [
        0,
        null,
        0,
        0,
        null,
        0,
        0,
        null,
        0,
        0,
        0,
        0,
        null,
        0,
        0,
        0,
        null,
        0,
        null,
        0,
        0,
        0,
        0,
        0,
        0,
        null,
        0,
        0,
        0,
        0,
        0,
        0,
        0,
        0
      ],
      "/home/vander/projeto_Rails-/app/models/application_record.rb": [
        0,
        0,
        0
      ],
      "/home/vander/projeto_Rails-/app/models/user_backoffice.rb": [
        0,
        null,
        0
      ],
      "/home/vander/projeto_Rails-/app/models/answer.rb": [
        0,
        0,
        0
      ],
      "/home/vander/projeto_Rails-/app/models/user_statistic.rb": [
        0,
        0,
        null,
        null,
        null,
        0,
        0,
        0,
        null,
        0,
        0,
        0,
        0,
        0,
        0,
        0,
        0,
        0
      ],
      "/home/vander/projeto_Rails-/app/models/question.rb": [
        0,
        0,
        null,
        null,
        null,
        0,
        0,
        null,
        null,
        null,
        0,
        null,
        0,
        null,
        null,
        0,
        null,
        null,
        null,
        null,
        null,
        null,
        0,
        0,
        0,
        0,
        0,
        null,
        0,
        0,
        0,
        0,
        0,
        null,
        0,
        0,
        0,
        null,
        0,
        0,
        0,
        null,
        null,
        null,
        0,
        null,
        0,
        0,
        0,
        0
      ],
      "/home/vander/projeto_Rails-/app/models/admin.rb": [
        0,
        null,
        0,
        0,
        null,
        0,
        null,
        0,
        0,
        0,
        0,
        0,
        0
      ],
      "/home/vander/projeto_Rails-/app/controllers/site/answer_controller.rb": [
        0,
        0,
        null,
        0,
        0,
        0,
        0,
        0,
        0
      ],
      "/home/vander/projeto_Rails-/app/controllers/site/search_controller.rb": [
        0,
        null,
        null,
        null,
        null,
        null,
        0,
        0,
        0,
        0,
        0,
        0,
        0,
        0,
        null
      ],
      "/home/vander/projeto_Rails-/app/controllers/site/welcome_controller.rb": [
        0,
        0,
        null,
        0,
        null,
        null,
        0,
        0
      ],
      "/home/vander/projeto_Rails-/app/controllers/users_backoffice_controller.rb": [
        0,
        0,
        0,
        0,
        null,
        0,
        null,
        0,
        0,
        0,
        0
      ],
      "/home/vander/projeto_Rails-/app/controllers/site_controller.rb": [
        0,
        0,
        0
      ],
      "/home/vander/projeto_Rails-/app/controllers/users_backoffice/profile_controller.rb": [
        0,
        0,
        0,
        null,
        null,
        0,
        0,
        0,
        null,
        0,
        0,
        0,
        0,
        0,
        0,
        0,
        0,
        0,
        0,
        null,
        0,
        null,
        0,
        0,
        0,
        null,
        0,
        0,
        0,
        null,
        0,
        0,
        0,
        0,
        0,
        0
      ],
      "/home/vander/projeto_Rails-/app/controllers/users_backoffice/zip_code_controller.rb": [
        0,
        0,
        0,
        0,
        0
      ],
      "/home/vander/projeto_Rails-/app/controllers/users_backoffice/welcome_controller.rb": [
        0,
        0,
        0,
        0,
        0
      ],
      "/home/vander/projeto_Rails-/app/controllers/admins_backoffice_controller.rb": [
        0,
        0,
        0,
        0
      ],
      "/home/vander/projeto_Rails-/app/controllers/application_controller.rb": [
        0,
        0,
        0,
        0,
        null,
        0,
        null,
        0,
        0,
        null,
        null,
        0,
        null,
        0,
        0,
        0,
        0,
        0,
        null,
        0,
        0,
        0,
        0
      ],
      "/home/vander/projeto_Rails-/app/controllers/admins_backoffice/questions_controller.rb": [
        0,
        0,
        0,
        null,
        0,
        0,
        0,
        0,
        0,
        null,
        0,
        0,
        0,
        null,
        0,
        0,
        0,
        0,
        0,
        0,
        0,
        0,
        null,
        0,
        0,
        null,
        0,
        0,
        0,
        0,
        0,
        0,
        0,
        null,
        0,
        0,
        0,
        0,
        0,
        0,
        0,
        null,
        0,
        null,
        0,
        0,
        0,
        0,
        null,
        0,
        0,
        0,
        null,
        0,
        0,
        0,
        0
      ],
      "/home/vander/projeto_Rails-/app/controllers/admins_backoffice/subjects_controller.rb": [
        0,
        0,
        null,
        0,
        0,
        0,
        0,
        0,
        0,
        0,
        null,
        0,
        0,
        0,
        null,
        0,
        0,
        0,
        0,
        0,
        0,
        0,
        0,
        null,
        0,
        0,
        null,
        0,
        0,
        0,
        0,
        0,
        0,
        0,
        null,
        0,
        0,
        0,
        0,
        0,
        0,
        0,
        null,
        0,
        null,
        0,
        0,
        0,
        null,
        0,
        0,
        0,
        0,
        null
      ],
      "/home/vander/projeto_Rails-/app/controllers/admins_backoffice/welcome_controller.rb": [
        0,
        0,
        0,
        0,
        null,
        null,
        0,
        0
      ],
      "/home/vander/projeto_Rails-/app/controllers/admins_backoffice/admins_controller.rb": [
        0,
        null,
        0,
        0,
        null,
        null,
        0,
        0,
        null,
        0,
        null,
        0,
        0,
        0,
        0,
        0,
        0,
        0,
        0,
        0,
        0,
        0,
        null,
        0,
        0,
        null,
        0,
        0,
        0,
        0,
        0,
        0,
        0,
        0,
        null,
        0,
        0,
        0,
        0,
        0,
        0,
        0,
        null,
        null,
        null,
        0,
        null,
        0,
        0,
        0,
        null,
        0,
        0,
        0,
        null,
        0,
        0,
        0,
        0,
        0,
        0,
        0
      ]
    },
    "timestamp": 1569612180
  }
}
